<?xml version="1.0" encoding="UTF-8"?>
<!-- Generated by org.testng.reporters.JUnitReportReporter -->
<testsuite hostname="nuglaf" failures="0" tests="1" name="WebTable.DynamicTable" time="18.233" errors="0" timestamp="26 Jan 2021 22:42:18 GMT" skipped="0">
  <testcase classname="WebTable.DynamicTable" name="table" time="18.233"/>
</testsuite> <!-- WebTable.DynamicTable -->
