<?xml version="1.0" encoding="UTF-8"?>
<!-- Generated by org.testng.reporters.JUnitReportReporter -->
<testsuite hostname="nuglaf" failures="0" tests="1" name="FailedTeastCase.TestCase1" time="0.007" errors="0" timestamp="05 Jan 2021 19:14:38 GMT" skipped="0">
  <testcase classname="FailedTeastCase.TestCase1" name="testFB" time="0.007"/>
</testsuite> <!-- FailedTeastCase.TestCase1 -->
