<?xml version="1.0" encoding="UTF-8"?>
<!-- Generated by org.testng.reporters.JUnitReportReporter -->
<testsuite hostname="nuglaf" failures="0" tests="10" name="TestNG.TestNG.InvocationCountTest" time="0.018" errors="0" timestamp="25 Jan 2021 03:32:43 GMT" skipped="0">
  <testcase classname="TestNG.TestNG.InvocationCountTest" name="sum" time="0.001"/>
  <testcase classname="TestNG.TestNG.InvocationCountTest" name="sum" time="0.001"/>
  <testcase classname="TestNG.TestNG.InvocationCountTest" name="sum" time="0.001"/>
  <testcase classname="TestNG.TestNG.InvocationCountTest" name="sum" time="0.001"/>
  <testcase classname="TestNG.TestNG.InvocationCountTest" name="sum" time="0.003"/>
  <testcase classname="TestNG.TestNG.InvocationCountTest" name="sum" time="0.004"/>
  <testcase classname="TestNG.TestNG.InvocationCountTest" name="sum" time="0.002"/>
  <testcase classname="TestNG.TestNG.InvocationCountTest" name="sum" time="0.001"/>
  <testcase classname="TestNG.TestNG.InvocationCountTest" name="sum" time="0.003"/>
  <testcase classname="TestNG.TestNG.InvocationCountTest" name="sum" time="0.001"/>
</testsuite> <!-- TestNG.TestNG.InvocationCountTest -->
