<?xml version="1.0" encoding="UTF-8"?>
<!-- Generated by org.testng.reporters.JUnitReportReporter -->
<testsuite hostname="nuglaf" failures="0" tests="3" name="TestNG.TestNG.testCase1" time="33.709" errors="0" timestamp="25 Jan 2021 03:32:42 GMT" skipped="0">
  <testcase classname="TestNG.TestNG.testCase1" name="linkText" time="10.858"/>
  <testcase classname="TestNG.TestNG.testCase1" name="login" time="11.719"/>
  <testcase classname="TestNG.TestNG.testCase1" name="Alert" time="11.132"/>
</testsuite> <!-- TestNG.TestNG.testCase1 -->
