<?xml version="1.0" encoding="UTF-8"?>
<!-- Generated by org.testng.reporters.JUnitReportReporter -->
<testsuite hostname="nuglaf" failures="0" tests="1" name="TestNG.TestNG.testcase1" time="8.011" errors="0" timestamp="04 Jan 2021 16:53:26 GMT" skipped="0">
  <testcase classname="TestNG.TestNG.testcase1" name="login" time="8.011"/>
</testsuite> <!-- TestNG.TestNG.testcase1 -->
