<?xml version="1.0" encoding="UTF-8"?>
<!-- Generated by org.testng.reporters.JUnitReportReporter -->
<testsuite hostname="nuglaf" failures="0" tests="3" name="TestNG.TestNG.testCase2" time="0.027" errors="0" timestamp="25 Jan 2021 03:32:43 GMT" skipped="0">
  <testcase classname="TestNG.TestNG.testCase2" name="Checkout" time="0.005"/>
  <testcase classname="TestNG.TestNG.testCase2" name="login" time="0.018"/>
  <testcase classname="TestNG.TestNG.testCase2" name="SelectItem" time="0.004"/>
</testsuite> <!-- TestNG.TestNG.testCase2 -->
