<?xml version="1.0" encoding="UTF-8"?>
<!-- Generated by org.testng.reporters.JUnitReportReporter -->
<testsuite hostname="nuglaf" failures="0" tests="3" name="TestNG.TestNG.testCase2" time="0.004" errors="0" timestamp="06 Jan 2021 05:49:19 GMT" skipped="0">
  <testcase classname="TestNG.TestNG.testCase2" name="login" time="0.002"/>
  <testcase classname="TestNG.TestNG.testCase2" name="Checkout" time="0.001"/>
  <testcase classname="TestNG.TestNG.testCase2" name="SelectItem" time="0.001"/>
</testsuite> <!-- TestNG.TestNG.testCase2 -->
