<?xml version="1.0" encoding="UTF-8"?>
<!-- Generated by org.testng.reporters.JUnitReportReporter -->
<testsuite hostname="nuglaf" failures="0" tests="1" name="locators.ShadowDomExample1" time="7.654" errors="0" timestamp="02 Feb 2021 04:05:03 GMT" skipped="0">
  <testcase classname="locators.ShadowDomExample1" name="shadowDom" time="7.654"/>
</testsuite> <!-- locators.ShadowDomExample1 -->
