<?xml version="1.0" encoding="UTF-8"?>
<!-- Generated by org.testng.reporters.JUnitReportReporter -->
<testsuite hostname="nuglaf" failures="0" tests="3" name="utils.ExcelUtils" time="1.338" errors="0" timestamp="28 Jan 2021 20:44:53 GMT" skipped="0">
  <testcase classname="utils.ExcelUtils" name="getCellDataNumber" time="1.222"/>
  <testcase classname="utils.ExcelUtils" name="getCellDataString" time="0.068"/>
  <testcase classname="utils.ExcelUtils" name="getRowCount" time="0.048"/>
</testsuite> <!-- utils.ExcelUtils -->
