<?xml version="1.0" encoding="UTF-8"?>
<!-- Generated by org.testng.reporters.JUnitReportReporter -->
<testsuite hostname="nuglaf" failures="0" tests="1" name="extentReports.ExtentReports" time="0.014" errors="0" timestamp="06 Jan 2021 06:33:07 GMT" skipped="0">
  <testcase classname="extentReports.ExtentReports" name="loginTest" time="0.014"/>
</testsuite> <!-- extentReports.ExtentReports -->
