<?xml version="1.0" encoding="UTF-8"?>
<!-- Generated by org.testng.reporters.JUnitReportReporter -->
<testsuite hostname="nuglaf" failures="0" tests="1" name="FailedTeastCase.TestCase2" time="0.009" errors="0" timestamp="05 Jan 2021 19:14:38 GMT" skipped="0">
  <testcase classname="FailedTeastCase.TestCase2" name="testTwitter" time="0.009"/>
</testsuite> <!-- FailedTeastCase.TestCase2 -->
