<?xml version="1.0" encoding="UTF-8"?>
<!-- Generated by org.testng.reporters.JUnitReportReporter -->
<testsuite hostname="nuglaf" failures="0" tests="1" name="locators.MultipleShadowDom" time="8.590" errors="0" timestamp="02 Feb 2021 04:43:47 GMT" skipped="0">
  <testcase classname="locators.MultipleShadowDom" name="setUp" time="8.590"/>
</testsuite> <!-- locators.MultipleShadowDom -->
