<?xml version="1.0" encoding="UTF-8"?>
<!-- Generated by org.testng.reporters.JUnitReportReporter -->
<testsuite hostname="nuglaf" failures="0" tests="1" name="TestNG.TestNG.testcase1" time="9.422" errors="0" timestamp="4 Jan 2021 16:52:39 GMT">
  <testcase classname="TestNG.TestNG.testcase1" name="login" time="9.422"/>
</testsuite> <!-- TestNG.TestNG.testcase1 -->
